~/.local/share/ov/pkg/isaac_sim-2022.2.1 ~
Symlink extension_examples created
~
Installing Python packages...
Collecting stable-baselines3==1.6.2
  Using cached stable_baselines3-1.6.2-py3-none-any.whl (170 kB)
Collecting tensorboard==2.11.0
  Using cached tensorboard-2.11.0-py3-none-any.whl (6.0 MB)
Collecting tensorboard-plugin-wit==1.8.1
  Using cached tensorboard_plugin_wit-1.8.1-py3-none-any.whl (781 kB)
Collecting protobuf==3.20.3
  Using cached protobuf-3.20.3-cp37-cp37m-manylinux_2_5_x86_64.manylinux1_x86_64.whl (1.0 MB)
Requirement already satisfied: torch>=1.11 in ./.local/share/ov/pkg/isaac_sim-2022.2.1/extscache/omni.pip.torch-1_13_1-0.1.4+104.2.lx64/torch-1-13-1 (from stable-baselines3==1.6.2->-r /home/lm-2023/.local/share/ov/pkg/isaac_sim-2022.2.1/requirements.txt (line 1)) (1.13.1+cu117)
Collecting cloudpickle
  Using cached cloudpickle-2.2.1-py3-none-any.whl (25 kB)
Collecting importlib-metadata~=4.13
  Using cached importlib_metadata-4.13.0-py3-none-any.whl (23 kB)
Collecting pandas
  Using cached pandas-1.3.5-cp37-cp37m-manylinux_2_17_x86_64.manylinux2014_x86_64.whl (11.3 MB)
Requirement already satisfied: matplotlib in ./.local/share/ov/pkg/isaac_sim-2022.2.1/exts/omni.isaac.core_archive/pip_prebundle (from stable-baselines3==1.6.2->-r /home/lm-2023/.local/share/ov/pkg/isaac_sim-2022.2.1/requirements.txt (line 1)) (3.4.3)
Collecting gym==0.21
  Using cached gym-0.21.0.tar.gz (1.5 MB)
Requirement already satisfied: numpy in ./.local/share/ov/pkg/isaac_sim-2022.2.1/kit/extscore/omni.kit.pip_archive/pip_prebundle (from stable-baselines3==1.6.2->-r /home/lm-2023/.local/share/ov/pkg/isaac_sim-2022.2.1/requirements.txt (line 1)) (1.21.6)
Collecting markdown>=2.6.8
  Using cached Markdown-3.4.3-py3-none-any.whl (93 kB)
Collecting google-auth<3,>=1.6.3
  Using cached google_auth-2.19.1-py2.py3-none-any.whl (181 kB)
Collecting wheel>=0.26
  Using cached wheel-0.40.0-py3-none-any.whl (64 kB)
Collecting google-auth-oauthlib<0.5,>=0.4.1
  Using cached google_auth_oauthlib-0.4.6-py2.py3-none-any.whl (18 kB)
Collecting tensorboard-data-server<0.7.0,>=0.6.0
  Using cached tensorboard_data_server-0.6.1-py3-none-manylinux2010_x86_64.whl (4.9 MB)
Collecting grpcio>=1.24.3
  Using cached grpcio-1.54.2-cp37-cp37m-manylinux_2_17_x86_64.manylinux2014_x86_64.whl (5.1 MB)
Collecting werkzeug>=1.0.1
  Using cached Werkzeug-2.2.3-py3-none-any.whl (233 kB)
Requirement already satisfied: setuptools>=41.0.0 in ./.local/share/ov/pkg/isaac_sim-2022.2.1/kit/extscore/omni.kit.pip_archive/pip_prebundle (from tensorboard==2.11.0->-r /home/lm-2023/.local/share/ov/pkg/isaac_sim-2022.2.1/requirements.txt (line 2)) (65.6.0)
Collecting absl-py>=0.4
  Using cached absl_py-1.4.0-py3-none-any.whl (126 kB)
Requirement already satisfied: requests<3,>=2.21.0 in ./.local/share/ov/pkg/isaac_sim-2022.2.1/exts/omni.isaac.core_archive/pip_prebundle (from tensorboard==2.11.0->-r /home/lm-2023/.local/share/ov/pkg/isaac_sim-2022.2.1/requirements.txt (line 2)) (2.26.0)
Collecting pyasn1-modules>=0.2.1
  Using cached pyasn1_modules-0.3.0-py2.py3-none-any.whl (181 kB)
Requirement already satisfied: six>=1.9.0 in ./.local/share/ov/pkg/isaac_sim-2022.2.1/kit/extscore/omni.kit.pip_archive/pip_prebundle (from google-auth<3,>=1.6.3->tensorboard==2.11.0->-r /home/lm-2023/.local/share/ov/pkg/isaac_sim-2022.2.1/requirements.txt (line 2)) (1.16.0)
Collecting cachetools<6.0,>=2.0.0
  Using cached cachetools-5.3.1-py3-none-any.whl (9.3 kB)
Requirement already satisfied: urllib3<2.0 in ./.local/share/ov/pkg/isaac_sim-2022.2.1/kit/extscore/omni.kit.pip_archive/pip_prebundle (from google-auth<3,>=1.6.3->tensorboard==2.11.0->-r /home/lm-2023/.local/share/ov/pkg/isaac_sim-2022.2.1/requirements.txt (line 2)) (1.26.12)
Collecting rsa<5,>=3.1.4
  Using cached rsa-4.9-py3-none-any.whl (34 kB)
Requirement already satisfied: requests-oauthlib>=0.7.0 in ./.local/share/ov/pkg/isaac_sim-2022.2.1/exts/omni.isaac.core_archive/pip_prebundle (from google-auth-oauthlib<0.5,>=0.4.1->tensorboard==2.11.0->-r /home/lm-2023/.local/share/ov/pkg/isaac_sim-2022.2.1/requirements.txt (line 2)) (1.3.0)
Requirement already satisfied: zipp>=0.5 in ./.local/share/ov/pkg/isaac_sim-2022.2.1/kit/extscore/omni.kit.pip_archive/pip_prebundle (from importlib-metadata~=4.13->stable-baselines3==1.6.2->-r /home/lm-2023/.local/share/ov/pkg/isaac_sim-2022.2.1/requirements.txt (line 1)) (3.10.0)
Requirement already satisfied: typing-extensions>=3.6.4 in ./.local/share/ov/pkg/isaac_sim-2022.2.1/kit/extscore/omni.kit.pip_archive/pip_prebundle (from importlib-metadata~=4.13->stable-baselines3==1.6.2->-r /home/lm-2023/.local/share/ov/pkg/isaac_sim-2022.2.1/requirements.txt (line 1)) (3.7.4.3)
Collecting pyasn1<0.6.0,>=0.4.6
  Using cached pyasn1-0.5.0-py2.py3-none-any.whl (83 kB)
Requirement already satisfied: certifi>=2017.4.17 in ./.local/share/ov/pkg/isaac_sim-2022.2.1/kit/extscore/omni.kit.pip_archive/pip_prebundle (from requests<3,>=2.21.0->tensorboard==2.11.0->-r /home/lm-2023/.local/share/ov/pkg/isaac_sim-2022.2.1/requirements.txt (line 2)) (2022.9.24)
Requirement already satisfied: charset-normalizer~=2.0.0 in ./.local/share/ov/pkg/isaac_sim-2022.2.1/exts/omni.isaac.core_archive/pip_prebundle (from requests<3,>=2.21.0->tensorboard==2.11.0->-r /home/lm-2023/.local/share/ov/pkg/isaac_sim-2022.2.1/requirements.txt (line 2)) (2.0.4)
Requirement already satisfied: idna<4,>=2.5 in ./.local/share/ov/pkg/isaac_sim-2022.2.1/kit/extscore/omni.kit.pip_archive/pip_prebundle (from requests<3,>=2.21.0->tensorboard==2.11.0->-r /home/lm-2023/.local/share/ov/pkg/isaac_sim-2022.2.1/requirements.txt (line 2)) (3.4)
Requirement already satisfied: oauthlib>=3.0.0 in ./.local/share/ov/pkg/isaac_sim-2022.2.1/exts/omni.isaac.core_archive/pip_prebundle (from requests-oauthlib>=0.7.0->google-auth-oauthlib<0.5,>=0.4.1->tensorboard==2.11.0->-r /home/lm-2023/.local/share/ov/pkg/isaac_sim-2022.2.1/requirements.txt (line 2)) (3.1.1)
Collecting MarkupSafe>=2.1.1
  Using cached MarkupSafe-2.1.3-cp37-cp37m-manylinux_2_17_x86_64.manylinux2014_x86_64.whl (25 kB)
Requirement already satisfied: cycler>=0.10 in ./.local/share/ov/pkg/isaac_sim-2022.2.1/exts/omni.isaac.core_archive/pip_prebundle (from matplotlib->stable-baselines3==1.6.2->-r /home/lm-2023/.local/share/ov/pkg/isaac_sim-2022.2.1/requirements.txt (line 1)) (0.10.0)
Requirement already satisfied: python-dateutil>=2.7 in ./.local/share/ov/pkg/isaac_sim-2022.2.1/kit/extscore/omni.kit.pip_archive/pip_prebundle (from matplotlib->stable-baselines3==1.6.2->-r /home/lm-2023/.local/share/ov/pkg/isaac_sim-2022.2.1/requirements.txt (line 1)) (2.8.2)
Requirement already satisfied: pillow>=6.2.0 in ./.local/share/ov/pkg/isaac_sim-2022.2.1/kit/extscore/omni.kit.pip_archive/pip_prebundle (from matplotlib->stable-baselines3==1.6.2->-r /home/lm-2023/.local/share/ov/pkg/isaac_sim-2022.2.1/requirements.txt (line 1)) (9.3.0)
Requirement already satisfied: kiwisolver>=1.0.1 in ./.local/share/ov/pkg/isaac_sim-2022.2.1/exts/omni.isaac.core_archive/pip_prebundle (from matplotlib->stable-baselines3==1.6.2->-r /home/lm-2023/.local/share/ov/pkg/isaac_sim-2022.2.1/requirements.txt (line 1)) (1.3.2)
Requirement already satisfied: pyparsing>=2.2.1 in ./.local/share/ov/pkg/isaac_sim-2022.2.1/exts/omni.isaac.core_archive/pip_prebundle (from matplotlib->stable-baselines3==1.6.2->-r /home/lm-2023/.local/share/ov/pkg/isaac_sim-2022.2.1/requirements.txt (line 1)) (2.4.7)
Collecting pytz>=2017.3
  Using cached pytz-2023.3-py2.py3-none-any.whl (502 kB)
Using legacy 'setup.py install' for gym, since package 'wheel' is not installed.
Installing collected packages: pyasn1, rsa, pyasn1-modules, cachetools, pytz, MarkupSafe, importlib-metadata, google-auth, cloudpickle, wheel, werkzeug, tensorboard-plugin-wit, tensorboard-data-server, protobuf, pandas, markdown, gym, grpcio, google-auth-oauthlib, absl-py, tensorboard, stable-baselines3
  Attempting uninstall: MarkupSafe
    Found existing installation: MarkupSafe 2.0.1
    Uninstalling MarkupSafe-2.0.1:
      Successfully uninstalled MarkupSafe-2.0.1
  Attempting uninstall: importlib-metadata
    Found existing installation: importlib-metadata 5.0.0
    Uninstalling importlib-metadata-5.0.0:
      Successfully uninstalled importlib-metadata-5.0.0
  Attempting uninstall: gym
    Found existing installation: gym 0.26.2
    Uninstalling gym-0.26.2:
      Successfully uninstalled gym-0.26.2
    Running setup.py install for gym: started
    Running setup.py install for gym: finished with status 'done'
Successfully installed MarkupSafe-2.1.3 absl-py-1.4.0 cachetools-5.3.1 cloudpickle-2.2.1 google-auth-2.19.1 google-auth-oauthlib-0.4.6 grpcio-1.54.2 gym-0.21.0 importlib-metadata-4.13.0 markdown-3.4.3 pandas-1.3.5 protobuf-3.20.3 pyasn1-0.5.0 pyasn1-modules-0.3.0 pytz-2023.3 rsa-4.9 stable-baselines3-1.6.2 tensorboard-2.11.0 tensorboard-data-server-0.6.1 tensorboard-plugin-wit-1.8.1 werkzeug-2.2.3 wheel-0.40.0
Installing Icon
Writing Isaac Sim icon file
Isaac Sim post installation script completed!
